# JRE version: Java(TM) SE Runtime Environment (8.0_181-b13) (build 1.8.0_181-b13)
# Java VM: Java HotSpot(TM) 64-Bit Server VM (25.181-b13 mixed mode windows-amd64 compressed oops)
Heap:
 PSYoungGen      total 431616K, used 166692K [0x00000000e0000000, 0x0000000100000000, 0x0000000100000000)
  eden space 338944K, 37% used [0x00000000e0000000,0x00000000e7d20260,0x00000000f4b00000)
  from space 92672K, 41% used [0x00000000f4b00000,0x00000000f70a9098,0x00000000fa580000)
  to   space 89088K, 0% used [0x00000000fa900000,0x00000000fa900000,0x0000000100000000)
 ParOldGen       total 459776K, used 140216K [0x00000000a0000000, 0x00000000bc100000, 0x00000000e0000000)
  object space 459776K, 30% used [0x00000000a0000000,0x00000000a88ee1b0,0x00000000bc100000)
 Metaspace       used 102749K, capacity 106922K, committed 107596K, reserved 1142784K
  class space    used 13103K, capacity 13899K, committed 14208K, reserved 1048576K
GC Heap History (10 events):
Event: 8581.847 GC heap before
{Heap before GC invocations=48 (full 4):
 PSYoungGen      total 482304K, used 451206K [0x00000000e0000000, 0x00000000ffe80000, 0x0000000100000000)
  eden space 441344K, 100% used [0x00000000e0000000,0x00000000faf00000,0x00000000faf00000)
  from space 40960K, 24% used [0x00000000faf00000,0x00000000fb8a1828,0x00000000fd700000)
  to   space 39936K, 0% used [0x00000000fd780000,0x00000000fd780000,0x00000000ffe80000)
 ParOldGen       total 299520K, used 174972K [0x00000000a0000000, 0x00000000b2480000, 0x00000000e0000000)
  object space 299520K, 58% used [0x00000000a0000000,0x00000000aaadf3e8,0x00000000b2480000)
 Metaspace       used 99827K, capacity 103396K, committed 104780K, reserved 1140736K
  class space    used 12691K, capacity 13390K, committed 13696K, reserved 1048576K
Event: 8581.873 GC heap after
Heap after GC invocations=48 (full 4):
 PSYoungGen      total 481792K, used 9600K [0x00000000e0000000, 0x00000000ffd00000, 0x0000000100000000)
  eden space 443392K, 0% used [0x00000000e0000000,0x00000000e0000000,0x00000000fb100000)
  from space 38400K, 25% used [0x00000000fd780000,0x00000000fe0e0000,0x00000000ffd00000)
  to   space 38912K, 0% used [0x00000000fb100000,0x00000000fb100000,0x00000000fd700000)
 ParOldGen       total 299520K, used 184379K [0x00000000a0000000, 0x00000000b2480000, 0x00000000e0000000)
  object space 299520K, 61% used [0x00000000a0000000,0x00000000ab40ec40,0x00000000b2480000)
 Metaspace       used 99827K, capacity 103396K, committed 104780K, reserved 1140736K
  class space    used 12691K, capacity 13390K, committed 13696K, reserved 1048576K
}
Event: 8583.984 GC heap before
{Heap before GC invocations=49 (full 4):
 PSYoungGen      total 481792K, used 452992K [0x00000000e0000000, 0x00000000ffd00000, 0x0000000100000000)
  eden space 443392K, 100% used [0x00000000e0000000,0x00000000fb100000,0x00000000fb100000)
  from space 38400K, 25% used [0x00000000fd780000,0x00000000fe0e0000,0x00000000ffd00000)
  to   space 38912K, 0% used [0x00000000fb100000,0x00000000fb100000,0x00000000fd700000)
 ParOldGen       total 299520K, used 184379K [0x00000000a0000000, 0x00000000b2480000, 0x00000000e0000000)
  object space 299520K, 61% used [0x00000000a0000000,0x00000000ab40ec40,0x00000000b2480000)
 Metaspace       used 100608K, capacity 104334K, committed 105420K, reserved 1140736K
  class space    used 12780K, capacity 13499K, committed 13824K, reserved 1048576K
Event: 8584.124 GC heap after
Heap after GC invocations=49 (full 4):
 PSYoungGen      total 482304K, used 38885K [0x00000000e0000000, 0x0000000100000000, 0x0000000100000000)
  eden space 443392K, 0% used [0x00000000e0000000,0x00000000e0000000,0x00000000fb100000)
  from space 38912K, 99% used [0x00000000fb100000,0x00000000fd6f9678,0x00000000fd700000)
  to   space 41984K, 0% used [0x00000000fd700000,0x00000000fd700000,0x0000000100000000)
 ParOldGen       total 299520K, used 240041K [0x00000000a0000000, 0x00000000b2480000, 0x00000000e0000000)
  object space 299520K, 80% used [0x00000000a0000000,0x00000000aea6a430,0x00000000b2480000)
 Metaspace       used 100608K, capacity 104334K, committed 105420K, reserved 1140736K
  class space    used 12780K, capacity 13499K, committed 13824K, reserved 1048576K
}
Event: 8586.333 GC heap before
{Heap before GC invocations=50 (full 4):
 PSYoungGen      total 482304K, used 482277K [0x00000000e0000000, 0x0000000100000000, 0x0000000100000000)
  eden space 443392K, 100% used [0x00000000e0000000,0x00000000fb100000,0x00000000fb100000)
  from space 38912K, 99% used [0x00000000fb100000,0x00000000fd6f9678,0x00000000fd700000)
  to   space 41984K, 0% used [0x00000000fd700000,0x00000000fd700000,0x0000000100000000)
 ParOldGen       total 299520K, used 240041K [0x00000000a0000000, 0x00000000b2480000, 0x00000000e0000000)
  object space 299520K, 80% used [0x00000000a0000000,0x00000000aea6a430,0x00000000b2480000)
 Metaspace       used 100731K, capacity 104408K, committed 105420K, reserved 1140736K
  class space    used 12784K, capacity 13500K, committed 13824K, reserved 1048576K
Event: 8586.465 GC heap after
Heap after GC invocations=50 (full 4):
 PSYoungGen      total 380928K, used 41954K [0x00000000e0000000, 0x0000000100000000, 0x0000000100000000)
  eden space 338944K, 0% used [0x00000000e0000000,0x00000000e0000000,0x00000000f4b00000)
  from space 41984K, 99% used [0x00000000fd700000,0x00000000ffff8ab0,0x0000000100000000)
  to   space 92672K, 0% used [0x00000000f4b00000,0x00000000f4b00000,0x00000000fa580000)
 ParOldGen       total 306688K, used 306559K [0x00000000a0000000, 0x00000000b2b80000, 0x00000000e0000000)
  object space 306688K, 99% used [0x00000000a0000000,0x00000000b2b5fcb8,0x00000000b2b80000)
 Metaspace       used 100731K, capacity 104408K, committed 105420K, reserved 1140736K
  class space    used 12784K, capacity 13500K, committed 13824K, reserved 1048576K
}
Event: 8586.465 GC heap before
{Heap before GC invocations=51 (full 5):
 PSYoungGen      total 380928K, used 41954K [0x00000000e0000000, 0x0000000100000000, 0x0000000100000000)
  eden space 338944K, 0% used [0x00000000e0000000,0x00000000e0000000,0x00000000f4b00000)
  from space 41984K, 99% used [0x00000000fd700000,0x00000000ffff8ab0,0x0000000100000000)
  to   space 92672K, 0% used [0x00000000f4b00000,0x00000000f4b00000,0x00000000fa580000)
 ParOldGen       total 306688K, used 306559K [0x00000000a0000000, 0x00000000b2b80000, 0x00000000e0000000)
  object space 306688K, 99% used [0x00000000a0000000,0x00000000b2b5fcb8,0x00000000b2b80000)
 Metaspace       used 100731K, capacity 104408K, committed 105420K, reserved 1140736K
  class space    used 12784K, capacity 13500K, committed 13824K, reserved 1048576K
Event: 8586.904 GC heap after
Heap after GC invocations=51 (full 5):
 PSYoungGen      total 380928K, used 0K [0x00000000e0000000, 0x0000000100000000, 0x0000000100000000)
  eden space 338944K, 0% used [0x00000000e0000000,0x00000000e0000000,0x00000000f4b00000)
  from space 41984K, 0% used [0x00000000fd700000,0x00000000fd700000,0x0000000100000000)
  to   space 92672K, 0% used [0x00000000f4b00000,0x00000000f4b00000,0x00000000fa580000)
 ParOldGen       total 459776K, used 140208K [0x00000000a0000000, 0x00000000bc100000, 0x00000000e0000000)
  object space 459776K, 30% used [0x00000000a0000000,0x00000000a88ec1b0,0x00000000bc100000)
 Metaspace       used 100699K, capacity 104332K, committed 105420K, reserved 1140736K
  class space    used 12772K, capacity 13480K, committed 13824K, reserved 1048576K
}
Event: 8589.047 GC heap before
{Heap before GC invocations=52 (full 5):
 PSYoungGen      total 380928K, used 338875K [0x00000000e0000000, 0x0000000100000000, 0x0000000100000000)
  eden space 338944K, 99% used [0x00000000e0000000,0x00000000f4aeecf8,0x00000000f4b00000)
  from space 41984K, 0% used [0x00000000fd700000,0x00000000fd700000,0x0000000100000000)
  to   space 92672K, 0% used [0x00000000f4b00000,0x00000000f4b00000,0x00000000fa580000)
 ParOldGen       total 459776K, used 140208K [0x00000000a0000000, 0x00000000bc100000, 0x00000000e0000000)
  object space 459776K, 30% used [0x00000000a0000000,0x00000000a88ec1b0,0x00000000bc100000)
 Metaspace       used 101577K, capacity 105358K, committed 106316K, reserved 1142784K
  class space    used 12916K, capacity 13665K, committed 13952K, reserved 1048576K
Event: 8589.069 GC heap after
Heap after GC invocations=52 (full 5):
 PSYoungGen      total 431616K, used 38564K [0x00000000e0000000, 0x0000000100000000, 0x0000000100000000)
  eden space 338944K, 0% used [0x00000000e0000000,0x00000000e0000000,0x00000000f4b00000)
  from space 92672K, 41% used [0x00000000f4b00000,0x00000000f70a9098,0x00000000fa580000)
  to   space 89088K, 0% used [0x00000000fa900000,0x00000000fa900000,0x0000000100000000)
 ParOldGen       total 459776K, used 140216K [0x00000000a0000000, 0x00000000bc100000, 0x00000000e0000000)
  object space 459776K, 30% used [0x00000000a0000000,0x00000000a88ee1b0,0x00000000bc100000)
 Metaspace       used 101577K, capacity 105358K, committed 106316K, reserved 1142784K
  class space    used 12916K, capacity 13665K, committed 13952K, reserved 1048576K
}

